This is pdfTeX, Version 3.141592653-2.6-1.40.27 (MiKTeX 25.2) (preloaded format=pdflatex 2025.2.24)  1 APR 2025 12:07
entering extended mode
 restricted \write18 enabled.
 %&-line parsing enabled.
**./report.tex
(report.tex
LaTeX2e <2024-11-01> patch level 2
L3 programming layer <2025-01-18>
(C:\Users\Rayan\AppData\Local\Programs\MiKTeX\tex/latex/base\report.cls
Document Class: report 2024/06/29 v1.4n Standard LaTeX document class
(C:\Users\Rayan\AppData\Local\Programs\MiKTeX\tex/latex/base\size10.clo
File: size10.clo 2024/06/29 v1.4n Standard LaTeX file (size option)
)
\c@part=\count196
\c@chapter=\count197
\c@section=\count198
\c@subsection=\count199
\c@subsubsection=\count266
\c@paragraph=\count267
\c@subparagraph=\count268
\c@figure=\count269
\c@table=\count270
\abovecaptionskip=\skip49
\belowcaptionskip=\skip50
\bibindent=\dimen141
)
(C:\Users\Rayan\AppData\Local\Programs\MiKTeX\tex/latex/graphics\graphicx.sty
Package: graphicx 2021/09/16 v1.2d Enhanced LaTeX Graphics (DPC,SPQR)

(C:\Users\Rayan\AppData\Local\Programs\MiKTeX\tex/latex/graphics\keyval.sty
Package: keyval 2022/05/29 v1.15 key=value parser (DPC)
\KV@toks@=\toks17
)
(C:\Users\Rayan\AppData\Local\Programs\MiKTeX\tex/latex/graphics\graphics.sty
Package: graphics 2024/08/06 v1.4g Standard LaTeX Graphics (DPC,SPQR)

(C:\Users\Rayan\AppData\Local\Programs\MiKTeX\tex/latex/graphics\trig.sty
Package: trig 2023/12/02 v1.11 sin cos tan (DPC)
)
(C:\Users\Rayan\AppData\Local\Programs\MiKTeX\tex/latex/graphics-cfg\graphics.c
fg
File: graphics.cfg 2016/06/04 v1.11 sample graphics configuration
)
Package graphics Info: Driver file: pdftex.def on input line 106.

(C:\Users\Rayan\AppData\Local\Programs\MiKTeX\tex/latex/graphics-def\pdftex.def
File: pdftex.def 2024/04/13 v1.2c Graphics/color driver for pdftex
))
\Gin@req@height=\dimen142
\Gin@req@width=\dimen143
) (C:\Users\Rayan\AppData\Local\Programs\MiKTeX\tex/latex/amsmath\amsmath.sty
Package: amsmath 2024/11/05 v2.17t AMS math features
\@mathmargin=\skip51
For additional information on amsmath, use the `?' option.
(C:\Users\Rayan\AppData\Local\Programs\MiKTeX\tex/latex/amsmath\amstext.sty
Package: amstext 2021/08/26 v2.01 AMS text

(C:\Users\Rayan\AppData\Local\Programs\MiKTeX\tex/latex/amsmath\amsgen.sty
File: amsgen.sty 1999/11/30 v2.0 generic functions
\@emptytoks=\toks18
\ex@=\dimen144
))
(C:\Users\Rayan\AppData\Local\Programs\MiKTeX\tex/latex/amsmath\amsbsy.sty
Package: amsbsy 1999/11/29 v1.2d Bold Symbols
\pmbraise@=\dimen145
)
(C:\Users\Rayan\AppData\Local\Programs\MiKTeX\tex/latex/amsmath\amsopn.sty
Package: amsopn 2022/04/08 v2.04 operator names
)
\inf@bad=\count271
LaTeX Info: Redefining \frac on input line 233.
\uproot@=\count272
\leftroot@=\count273
LaTeX Info: Redefining \overline on input line 398.
LaTeX Info: Redefining \colon on input line 409.
\classnum@=\count274
\DOTSCASE@=\count275
LaTeX Info: Redefining \ldots on input line 495.
LaTeX Info: Redefining \dots on input line 498.
LaTeX Info: Redefining \cdots on input line 619.
\Mathstrutbox@=\box52
\strutbox@=\box53
LaTeX Info: Redefining \big on input line 721.
LaTeX Info: Redefining \Big on input line 722.
LaTeX Info: Redefining \bigg on input line 723.
LaTeX Info: Redefining \Bigg on input line 724.
\big@size=\dimen146
LaTeX Font Info:    Redeclaring font encoding OML on input line 742.
LaTeX Font Info:    Redeclaring font encoding OMS on input line 743.
\macc@depth=\count276
LaTeX Info: Redefining \bmod on input line 904.
LaTeX Info: Redefining \pmod on input line 909.
LaTeX Info: Redefining \smash on input line 939.
LaTeX Info: Redefining \relbar on input line 969.
LaTeX Info: Redefining \Relbar on input line 970.
\c@MaxMatrixCols=\count277
\dotsspace@=\muskip17
\c@parentequation=\count278
\dspbrk@lvl=\count279
\tag@help=\toks19
\row@=\count280
\column@=\count281
\maxfields@=\count282
\andhelp@=\toks20
\eqnshift@=\dimen147
\alignsep@=\dimen148
\tagshift@=\dimen149
\tagwidth@=\dimen150
\totwidth@=\dimen151
\lineht@=\dimen152
\@envbody=\toks21
\multlinegap=\skip52
\multlinetaggap=\skip53
\mathdisplay@stack=\toks22
LaTeX Info: Redefining \[ on input line 2953.
LaTeX Info: Redefining \] on input line 2954.
)
(C:\Users\Rayan\AppData\Local\Programs\MiKTeX\tex/latex/fancyhdr\fancyhdr.sty
Package: fancyhdr 2025/02/07 v5.2 Extensive control of page headers and footers

\f@nch@headwidth=\skip54
\f@nch@offset@elh=\skip55
\f@nch@offset@erh=\skip56
\f@nch@offset@olh=\skip57
\f@nch@offset@orh=\skip58
\f@nch@offset@elf=\skip59
\f@nch@offset@erf=\skip60
\f@nch@offset@olf=\skip61
\f@nch@offset@orf=\skip62
\f@nch@height=\skip63
\f@nch@footalignment=\skip64
\f@nch@widthL=\skip65
\f@nch@widthC=\skip66
\f@nch@widthR=\skip67
\@temptokenb=\toks23
)
(C:\Users\Rayan\AppData\Local\Programs\MiKTeX\tex/latex/cite\cite.sty
LaTeX Info: Redefining \cite on input line 302.
LaTeX Info: Redefining \nocite on input line 332.
Package: cite 2015/02/27  v 5.5
)
(C:\Users\Rayan\AppData\Local\Programs\MiKTeX\tex/latex/framed\framed.sty
Package: framed 2011/10/22 v 0.96: framed or shaded text with page breaks
\OuterFrameSep=\skip68
\fb@frw=\dimen153
\fb@frh=\dimen154
\FrameRule=\dimen155
\FrameSep=\dimen156
)
(C:\Users\Rayan\AppData\Local\Programs\MiKTeX\tex/latex/a4wide\a4wide.sty
Package: a4wide 1994/08/30

(C:\Users\Rayan\AppData\Local\Programs\MiKTeX\tex/latex/ntgclass\a4.sty
Package: a4 2023/01/10 v1.2g A4 based page layout
))
(C:\Users\Rayan\AppData\Local\Programs\MiKTeX\tex/latex/float\float.sty
Package: float 2001/11/08 v1.3d Float enhancements (AL)
\c@float@type=\count283
\float@exts=\toks24
\float@box=\box54
\@float@everytoks=\toks25
\@floatcapt=\box55
)
(C:\Users\Rayan\AppData\Local\Programs\MiKTeX\tex/latex/geometry\geometry.sty
Package: geometry 2020/01/02 v5.9 Page Geometry

(C:\Users\Rayan\AppData\Local\Programs\MiKTeX\tex/generic/iftex\ifvtex.sty
Package: ifvtex 2019/10/25 v1.7 ifvtex legacy package. Use iftex instead.

(C:\Users\Rayan\AppData\Local\Programs\MiKTeX\tex/generic/iftex\iftex.sty
Package: iftex 2024/12/12 v1.0g TeX engine tests
))
\Gm@cnth=\count284
\Gm@cntv=\count285
\c@Gm@tempcnt=\count286
\Gm@bindingoffset=\dimen157
\Gm@wd@mp=\dimen158
\Gm@odd@mp=\dimen159
\Gm@even@mp=\dimen160
\Gm@layoutwidth=\dimen161
\Gm@layoutheight=\dimen162
\Gm@layouthoffset=\dimen163
\Gm@layoutvoffset=\dimen164
\Gm@dimlist=\toks26

(C:\Users\Rayan\AppData\Local\Programs\MiKTeX\tex/latex/geometry\geometry.cfg))
(C:\Users\Rayan\AppData\Local\Programs\MiKTeX\tex/latex/natbib\natbib.sty
Package: natbib 2010/09/13 8.31b (PWD, AO)


Package natbib Warning: The `cite' package should not be used
(natbib)                with natbib. Use option `sort' instead.

\bibhang=\skip69
\bibsep=\skip70
LaTeX Info: Redefining \cite on input line 694.
LaTeX Info: Redefining \citenum on input line 708.
\c@NAT@ctr=\count287
) (C:\Users\Rayan\AppData\Local\Programs\MiKTeX\tex/latex/tools\tabularx.sty
Package: tabularx 2023/12/11 v2.12a `tabularx' package (DPC)

(C:\Users\Rayan\AppData\Local\Programs\MiKTeX\tex/latex/tools\array.sty
Package: array 2024/10/17 v2.6g Tabular extension package (FMi)
\col@sep=\dimen165
\ar@mcellbox=\box56
\extrarowheight=\dimen166
\NC@list=\toks27
\extratabsurround=\skip71
\backup@length=\skip72
\ar@cellbox=\box57
)
\TX@col@width=\dimen167
\TX@old@table=\dimen168
\TX@old@col=\dimen169
\TX@target=\dimen170
\TX@delta=\dimen171
\TX@cols=\count288
\TX@ftn=\toks28
)
(C:\Users\Rayan\AppData\Local\Programs\MiKTeX\tex/latex/tocloft\tocloft.sty
Package: tocloft 2017/08/31 v2.3i parameterised ToC, etc., typesetting
Package tocloft Info: The document has chapter divisions on input line 51.
\cftparskip=\skip73
\cftbeforetoctitleskip=\skip74
\cftaftertoctitleskip=\skip75
\cftbeforepartskip=\skip76
\cftpartnumwidth=\skip77
\cftpartindent=\skip78
\cftbeforechapskip=\skip79
\cftchapindent=\skip80
\cftchapnumwidth=\skip81
\cftbeforesecskip=\skip82
\cftsecindent=\skip83
\cftsecnumwidth=\skip84
\cftbeforesubsecskip=\skip85
\cftsubsecindent=\skip86
\cftsubsecnumwidth=\skip87
\cftbeforesubsubsecskip=\skip88
\cftsubsubsecindent=\skip89
\cftsubsubsecnumwidth=\skip90
\cftbeforeparaskip=\skip91
\cftparaindent=\skip92
\cftparanumwidth=\skip93
\cftbeforesubparaskip=\skip94
\cftsubparaindent=\skip95
\cftsubparanumwidth=\skip96
\cftbeforeloftitleskip=\skip97
\cftafterloftitleskip=\skip98
\cftbeforefigskip=\skip99
\cftfigindent=\skip100
\cftfignumwidth=\skip101
\c@lofdepth=\count289
\c@lotdepth=\count290
\cftbeforelottitleskip=\skip102
\cftafterlottitleskip=\skip103
\cftbeforetabskip=\skip104
\cfttabindent=\skip105
\cfttabnumwidth=\skip106
)
(C:\Users\Rayan\AppData\Local\Programs\MiKTeX\tex/latex/chngcntr\chngcntr.sty
Package: chngcntr 2018/04/09 v1.1a change counter resetting
Package chngcntr Info: \counterwithout already defined.
(chngcntr)             Quitting chngcntr on input line 21.
)
(C:\Users\Rayan\AppData\Local\Programs\MiKTeX\tex/generic/babel\babel.sty
Package: babel 2025/02/14 v25.4 The multilingual framework for pdfLaTeX, LuaLaT
eX and XeLaTeX
\babel@savecnt=\count291
\U@D=\dimen172
\l@unhyphenated=\language79

(C:\Users\Rayan\AppData\Local\Programs\MiKTeX\tex/generic/babel\txtbabel.def)
\bbl@readstream=\read2
\bbl@dirlevel=\count292

*************************************
* Local config file bblopts.cfg used
*
(C:\Users\Rayan\AppData\Local\Programs\MiKTeX\tex/latex/arabi\bblopts.cfg
File: bblopts.cfg 2005/09/08 v0.1 add Arabic and Farsi to "declared" options of
 babel
)
(C:\Users\Rayan\AppData\Local\Programs\MiKTeX\tex/latex/babel-english\english.l
df
Language: english 2017/06/06 v3.3r English support from the babel system
Package babel Info: Hyphen rules for 'canadian' set to \l@english
(babel)             (\language0). Reported on input line 102.
Package babel Info: Hyphen rules for 'australian' set to \l@ukenglish
(babel)             (\language73). Reported on input line 105.
Package babel Info: Hyphen rules for 'newzealand' set to \l@ukenglish
(babel)             (\language73). Reported on input line 108.
))
(C:\Users\Rayan\AppData\Local\Programs\MiKTeX\tex/generic/babel/locale/en\babel
-english.tex
Package babel Info: Importing font and identification data for english
(babel)             from babel-en.ini. Reported on input line 11.
)
(C:\Users\Rayan\AppData\Local\Programs\MiKTeX\tex/latex/ragged2e\ragged2e.sty
Package: ragged2e 2023/06/22 v3.6 ragged2e Package
\CenteringLeftskip=\skip107
\RaggedLeftLeftskip=\skip108
\RaggedRightLeftskip=\skip109
\CenteringRightskip=\skip110
\RaggedLeftRightskip=\skip111
\RaggedRightRightskip=\skip112
\CenteringParfillskip=\skip113
\RaggedLeftParfillskip=\skip114
\RaggedRightParfillskip=\skip115
\JustifyingParfillskip=\skip116
\CenteringParindent=\skip117
\RaggedLeftParindent=\skip118
\RaggedRightParindent=\skip119
\JustifyingParindent=\skip120
)
(C:\Users\Rayan\AppData\Local\Programs\MiKTeX\tex/latex/caption\caption.sty
Package: caption 2023/08/05 v3.6o Customizing captions (AR)

(C:\Users\Rayan\AppData\Local\Programs\MiKTeX\tex/latex/caption\caption3.sty
Package: caption3 2023/07/31 v2.4d caption3 kernel (AR)
\caption@tempdima=\dimen173
\captionmargin=\dimen174
\caption@leftmargin=\dimen175
\caption@rightmargin=\dimen176
\caption@width=\dimen177
\caption@indent=\dimen178
\caption@parindent=\dimen179
\caption@hangindent=\dimen180
Package caption Info: Standard document class detected.
)
\c@caption@flags=\count293
\c@continuedfloat=\count294
Package caption Info: float package is loaded.
)
(C:\Users\Rayan\AppData\Local\Programs\MiKTeX\tex/latex/blindtext\blindtext.sty
Package: blindtext 2012/01/06 V2.0 blindtext-Package
(C:\Users\Rayan\AppData\Local\Programs\MiKTeX\tex/latex/tools\xspace.sty
Package: xspace 2014/10/28 v1.13 Space after command names (DPC,MH)
)
\c@blindtext=\count295
\c@Blindtext=\count296
\c@blind@countparstart=\count297
\blind@countxx=\count298
\blindtext@numBlindtext=\count299
\blind@countyy=\count300
\c@blindlist=\count301
\c@blindlistlevel=\count302
\c@blindlist@level=\count303
\blind@listitem=\count304
\c@blind@listcount=\count305
\c@blind@levelcount=\count306
\blind@mathformula=\count307
\blind@Mathformula=\count308
\c@blind@randomcount=\count309
\c@blind@randommax=\count310
\c@blind@pangramcount=\count311
\c@blind@pangrammax=\count312
)
(C:\Users\Rayan\AppData\Local\Programs\MiKTeX\tex/latex/xpatch\xpatch.sty
(C:\Users\Rayan\AppData\Local\Programs\MiKTeX\tex/latex/l3kernel\expl3.sty
Package: expl3 2025-01-18 L3 programming layer (loader) 

(C:\Users\Rayan\AppData\Local\Programs\MiKTeX\tex/latex/l3backend\l3backend-pdf
tex.def
File: l3backend-pdftex.def 2024-05-08 L3 backend support: PDF output (pdfTeX)
\l__color_backend_stack_int=\count313
\l__pdf_internal_box=\box58
))
Package: xpatch 2020/03/25 v0.3a Extending etoolbox patching commands

(C:\Users\Rayan\AppData\Local\Programs\MiKTeX\tex/latex/l3packages/xparse\xpars
e.sty
Package: xparse 2024-08-16 L3 Experimental document command parser
)
(C:\Users\Rayan\AppData\Local\Programs\MiKTeX\tex/latex/etoolbox\etoolbox.sty
Package: etoolbox 2025/02/11 v2.5l e-TeX tools for LaTeX (JAW)
\etb@tempcnta=\count314
))
Patched makeschapterhead
Patched @makechapterhead
(report.aux

LaTeX Warning: Label `tab:my_label' multiply defined.

)
\openout1 = `report.aux'.

LaTeX Font Info:    Checking defaults for OML/cmm/m/it on input line 56.
LaTeX Font Info:    ... okay on input line 56.
LaTeX Font Info:    Checking defaults for OMS/cmsy/m/n on input line 56.
LaTeX Font Info:    ... okay on input line 56.
LaTeX Font Info:    Checking defaults for OT1/cmr/m/n on input line 56.
LaTeX Font Info:    ... okay on input line 56.
LaTeX Font Info:    Checking defaults for T1/cmr/m/n on input line 56.
LaTeX Font Info:    ... okay on input line 56.
LaTeX Font Info:    Checking defaults for TS1/cmr/m/n on input line 56.
LaTeX Font Info:    ... okay on input line 56.
LaTeX Font Info:    Checking defaults for OMX/cmex/m/n on input line 56.
LaTeX Font Info:    ... okay on input line 56.
LaTeX Font Info:    Checking defaults for U/cmr/m/n on input line 56.
LaTeX Font Info:    ... okay on input line 56.

(C:\Users\Rayan\AppData\Local\Programs\MiKTeX\tex/context/base/mkii\supp-pdf.mk
ii
[Loading MPS to PDF converter (version 2006.09.02).]
\scratchcounter=\count315
\scratchdimen=\dimen181
\scratchbox=\box59
\nofMPsegments=\count316
\nofMParguments=\count317
\everyMPshowfont=\toks29
\MPscratchCnt=\count318
\MPscratchDim=\dimen182
\MPnumerator=\count319
\makeMPintoPDFobject=\count320
\everyMPtoPDFconversion=\toks30
)
(C:\Users\Rayan\AppData\Local\Programs\MiKTeX\tex/latex/epstopdf-pkg\epstopdf-b
ase.sty
Package: epstopdf-base 2020-01-24 v2.11 Base part for package epstopdf
Package epstopdf-base Info: Redefining graphics rule for `.eps' on input line 4
85.

(C:\Users\Rayan\AppData\Local\Programs\MiKTeX\tex/latex/00miktex\epstopdf-sys.c
fg
File: epstopdf-sys.cfg 2021/03/18 v2.0 Configuration of epstopdf for MiKTeX
))
*geometry* driver: auto-detecting
*geometry* detected driver: pdftex
*geometry* verbose mode - [ preamble ] result:
* driver: pdftex
* paper: a4paper
* layout: <same size as paper>
* layoutoffset:(h,v)=(0.0pt,0.0pt)
* modes: twoside 
* h-part:(L,W,R)=(72.26999pt, 452.9679pt, 72.26999pt)
* v-part:(T,H,B)=(72.26999pt, 700.50687pt, 72.26999pt)
* \paperwidth=597.50787pt
* \paperheight=845.04684pt
* \textwidth=452.9679pt
* \textheight=700.50687pt
* \oddsidemargin=0.0pt
* \evensidemargin=0.0pt
* \topmargin=-37.0pt
* \headheight=12.0pt
* \headsep=25.0pt
* \topskip=10.0pt
* \footskip=30.0pt
* \marginparwidth=54.2025pt
* \marginparsep=11.0pt
* \columnsep=10.0pt
* \skip\footins=9.0pt plus 4.0pt minus 2.0pt
* \hoffset=0.0pt
* \voffset=0.0pt
* \mag=1000
* \@twocolumnfalse
* \@twosidetrue
* \@mparswitchtrue
* \@reversemarginfalse
* (1in=72.27pt=25.4mm, 1cm=28.453pt)

Package caption Info: Begin \AtBeginDocument code.
Package caption Info: End \AtBeginDocument code.
<ktu.jpg, id=1, 220.825pt x 270.00874pt>
File: ktu.jpg Graphic file (type jpg)
<use ktu.jpg>
Package pdftex.def Info: ktu.jpg  used on input line 82.
(pdftex.def)             Requested size: 66.248pt x 81.00323pt.
<cape.jpeg, id=2, 278.03876pt x 182.6825pt>
File: cape.jpeg Graphic file (type jpg)
<use cape.jpeg>
Package pdftex.def Info: cape.jpeg  used on input line 98.
(pdftex.def)             Requested size: 55.60675pt x 36.53584pt.


[1

{C:/Users/Rayan/AppData/Local/MiKTeX/fonts/map/pdftex/pdftex.map} <./ktu.jpg> <
./cape.jpeg>]

[2]

[3]

[4]

[5]

[6]

[7]
File: cape.jpeg Graphic file (type jpg)
<use cape.jpeg>
Package pdftex.def Info: cape.jpeg  used on input line 246.
(pdftex.def)             Requested size: 55.60675pt x 36.53584pt.

Overfull \hbox (40.13565pt too wide) in paragraph at lines 253--254
[]\OT1/cmr/m/n/10 This is to cer-tify that the re-port en-ti-tled \OT1/cmr/bx/n
/12 "in-ter-Link" \OT1/cmr/m/n/10 sub-mit-ted by \OT1/cmr/bx/n/10 Muhammed Raya
n (KGR22CS066)
 []



[8]

[9]

[1] (report.toc

[1])
\tf@toc=\write3
\openout3 = `report.toc'.



[2] (report.lof)
\tf@lof=\write4
\openout4 = `report.lof'.



[3] (report.lot)
\tf@lot=\write5
\openout5 = `report.lot'.



[0]
Chapter 1.


[1

]

[2

]
Chapter 2.


[3]

[4

]
Chapter 3.


[5]

[6]
Chapter 4.


[7

]
<system.JPG, id=78, 1373.13pt x 429.24pt>
File: system.JPG Graphic file (type jpg)
<use system.JPG>
Package pdftex.def Info: system.JPG  used on input line 583.
(pdftex.def)             Requested size: 521.79483pt x 163.11288pt.

Overfull \hbox (68.82693pt too wide) in paragraph at lines 583--584
 [][] 
 []



[8]

[9 <./system.JPG>]

[10

]
Chapter 5.
<use.jpg, id=88, 396.828pt x 570.6045pt>
File: use.jpg Graphic file (type jpg)
<use use.jpg>
Package pdftex.def Info: use.jpg  used on input line 603.
(pdftex.def)             Requested size: 198.41351pt x 285.30154pt.
<sequence.jpg, id=89, 581.92406pt x 746.79pt>
File: sequence.jpg Graphic file (type jpg)
<use sequence.jpg>
Package pdftex.def Info: sequence.jpg  used on input line 614.
(pdftex.def)             Requested size: 290.96132pt x 373.39407pt.

Underfull \vbox (badness 10000) has occurred while \output is active []



[11 <./use.jpg>]
<dfd1.jpg, id=94, 968.11688pt x 228.855pt>
File: dfd1.jpg Graphic file (type jpg)
<use dfd1.jpg>
Package pdftex.def Info: dfd1.jpg  used on input line 625.
(pdftex.def)             Requested size: 452.9679pt x 107.07996pt.

Overfull \hbox (59.12772pt too wide) in paragraph at lines 624--626
  [] 
 []

<dfd2.jpg, id=95, 956.9205pt x 368.9055pt>
File: dfd2.jpg Graphic file (type jpg)
<use dfd2.jpg>
Package pdftex.def Info: dfd2.jpg  used on input line 631.
(pdftex.def)             Requested size: 478.45908pt x 184.4523pt.

Overfull \hbox (25.49118pt too wide) in paragraph at lines 631--632
 [][] 
 []


Underfull \vbox (badness 10000) has occurred while \output is active []



[12 <./sequence.jpg> <./dfd1.jpg>]
<dfd3.jpg, id=99, 913.16156pt x 572.1375pt>
File: dfd3.jpg Graphic file (type jpg)
<use dfd3.jpg>
Package pdftex.def Info: dfd3.jpg  used on input line 637.
(pdftex.def)             Requested size: 452.9679pt x 283.79822pt.
<activity.jpg, id=100, 731.5695pt x 770.9895pt>
File: activity.jpg Graphic file (type jpg)
<use activity.jpg>
Package pdftex.def Info: activity.jpg  used on input line 643.
(pdftex.def)             Requested size: 438.94508pt x 462.59727pt.

Underfull \vbox (badness 10000) has occurred while \output is active []



[13 <./dfd2.jpg> <./dfd3.jpg>]
<class.jpg, id=104, 943.27406pt x 603.75563pt>
File: class.jpg Graphic file (type jpg)
<use class.jpg>
Package pdftex.def Info: class.jpg  used on input line 653.
(pdftex.def)             Requested size: 471.63588pt x 301.87708pt.

Overfull \hbox (18.66798pt too wide) in paragraph at lines 653--654
 [][] 
 []


Underfull \vbox (badness 10000) has occurred while \output is active []



[14 <./activity.jpg>]

[15 <./class.jpg>]

[16]

[17]
<r1.jpg, id=119, 1445.4pt x 785.93625pt>
File: r1.jpg Graphic file (type jpg)
<use r1.jpg>
Package pdftex.def Info: r1.jpg  used on input line 846.
(pdftex.def)             Requested size: 505.89758pt x 275.0818pt.

Overfull \hbox (52.92969pt too wide) in paragraph at lines 846--847
 [][] 
 []

<r2.jpg, id=120, 1403.2425pt x 667.74469pt>
File: r2.jpg Graphic file (type jpg)
<use r2.jpg>
Package pdftex.def Info: r2.jpg  used on input line 852.
(pdftex.def)             Requested size: 491.14223pt x 233.71414pt.

Overfull \hbox (38.17433pt too wide) in paragraph at lines 852--853
 [][] 
 []


Underfull \vbox (badness 10000) has occurred while \output is active []



[18]
<r3.jpg, id=124, 1445.4pt x 682.04813pt>
File: r3.jpg Graphic file (type jpg)
<use r3.jpg>
Package pdftex.def Info: r3.jpg  used on input line 858.
(pdftex.def)             Requested size: 505.89758pt x 238.72041pt.

Overfull \hbox (52.92969pt too wide) in paragraph at lines 858--859
 [][] 
 []

<r4.jpg, id=125, 1445.4pt x 673.01437pt>
File: r4.jpg Graphic file (type jpg)
<use r4.jpg>
Package pdftex.def Info: r4.jpg  used on input line 864.
(pdftex.def)             Requested size: 505.89758pt x 235.55855pt.

Overfull \hbox (52.92969pt too wide) in paragraph at lines 864--865
 [][] 
 []


Underfull \vbox (badness 10000) has occurred while \output is active []



[19 <./r1.jpg> <./r2.jpg>]
<r5.jpg, id=129, 1445.4pt x 680.5425pt>
File: r5.jpg Graphic file (type jpg)
<use r5.jpg>
Package pdftex.def Info: r5.jpg  used on input line 870.
(pdftex.def)             Requested size: 505.89758pt x 238.19344pt.

Overfull \hbox (52.92969pt too wide) in paragraph at lines 870--871
 [][] 
 []

<r6.jpg, id=130, 1445.4pt x 659.46375pt>
File: r6.jpg Graphic file (type jpg)
<use r6.jpg>
Package pdftex.def Info: r6.jpg  used on input line 876.
(pdftex.def)             Requested size: 505.89758pt x 230.81577pt.

Overfull \hbox (52.92969pt too wide) in paragraph at lines 876--877
 [][] 
 []


Underfull \vbox (badness 10000) has occurred while \output is active []



[20 <./r3.jpg> <./r4.jpg>]
<r7.jpg, id=134, 1445.4pt x 563.10374pt>
File: r7.jpg Graphic file (type jpg)
<use r7.jpg>
Package pdftex.def Info: r7.jpg  used on input line 882.
(pdftex.def)             Requested size: 505.89758pt x 197.08926pt.

Overfull \hbox (52.92969pt too wide) in paragraph at lines 882--883
 [][] 
 []

<r8.jpg, id=135, 1445.4pt x 629.35126pt>
File: r8.jpg Graphic file (type jpg)
<use r8.jpg>
Package pdftex.def Info: r8.jpg  used on input line 888.
(pdftex.def)             Requested size: 505.89758pt x 220.27623pt.

Overfull \hbox (52.92969pt too wide) in paragraph at lines 888--889
 [][] 
 []


Underfull \vbox (badness 10000) has occurred while \output is active []



[21 <./r5.jpg> <./r6.jpg>]
<r9.jpg, id=139, 1445.4pt x 540.51938pt>
File: r9.jpg Graphic file (type jpg)
<use r9.jpg>
Package pdftex.def Info: r9.jpg  used on input line 894.
(pdftex.def)             Requested size: 505.89758pt x 189.18462pt.

Overfull \hbox (52.92969pt too wide) in paragraph at lines 894--895
 [][] 
 []


Underfull \vbox (badness 10000) has occurred while \output is active []



[22 <./r7.jpg> <./r8.jpg>]
<er.jpg, id=143, 1198.4775pt x 640.64343pt>
File: er.jpg Graphic file (type jpg)
<use er.jpg>
Package pdftex.def Info: er.jpg  used on input line 907.
(pdftex.def)             Requested size: 452.9679pt x 242.12735pt.


[23 <./r9.jpg> <./er.jpg>]
<table1.jpg, id=148, 426.393pt x 348.867pt>
File: table1.jpg Graphic file (type jpg)
<use table1.jpg>
Package pdftex.def Info: table1.jpg  used on input line 918.
(pdftex.def)             Requested size: 191.87508pt x 156.9887pt.
<table2.jpg, id=149, 426.393pt x 343.611pt>
File: table2.jpg Graphic file (type jpg)
<use table2.jpg>
Package pdftex.def Info: table2.jpg  used on input line 922.
(pdftex.def)             Requested size: 191.87508pt x 154.62352pt.
<table3.jpg, id=150, 492.531pt x 667.074pt>
File: table3.jpg Graphic file (type jpg)
<use table3.jpg>
Package pdftex.def Info: table3.jpg  used on input line 929.
(pdftex.def)             Requested size: 221.63689pt x 300.18053pt.

Overfull \hbox (17.80272pt too wide) in paragraph at lines 929--930
 [][] 
 []

<table4.jpg, id=151, 426.393pt x 428.364pt>
File: table4.jpg Graphic file (type jpg)
<use table4.jpg>
Package pdftex.def Info: table4.jpg  used on input line 933.
(pdftex.def)             Requested size: 191.87508pt x 192.76201pt.


[24 <./table1.jpg> <./table2.jpg> <./table3.jpg> <./table4.jpg>]
Chapter 6.


[25

]

[26

]
Chapter 7.


[27] (report.bbl

[28

])

[29] (report.aux)
 ***********
LaTeX2e <2024-11-01> patch level 2
L3 programming layer <2020/03/25>
 ***********


LaTeX Warning: There were multiply-defined labels.

 ) 
Here is how much of TeX's memory you used:
 7463 strings out of 473523
 127256 string characters out of 5714630
 549240 words of memory out of 5000000
 30596 multiletter control sequences out of 15000+600000
 563777 words of font info for 53 fonts, out of 8000000 for 9000
 1141 hyphenation exceptions out of 8191
 65i,12n,79p,916b,545s stack positions out of 10000i,1000n,20000p,200000b,200000s
 <C:\Users\Rayan\AppData\Local\MiKTeX\fonts/pk/ljfour/jknappen/ec/dpi600\tcrm
1000.pk><C:/Users/Rayan/AppData/Local/Programs/MiKTeX/fonts/type1/public/amsfon
ts/cm/cmbx10.pfb><C:/Users/Rayan/AppData/Local/Programs/MiKTeX/fonts/type1/publ
ic/amsfonts/cm/cmbx12.pfb><C:/Users/Rayan/AppData/Local/Programs/MiKTeX/fonts/t
ype1/public/amsfonts/cm/cmbx8.pfb><C:/Users/Rayan/AppData/Local/Programs/MiKTeX
/fonts/type1/public/amsfonts/cm/cmr10.pfb><C:/Users/Rayan/AppData/Local/Program
s/MiKTeX/fonts/type1/public/amsfonts/cm/cmr8.pfb><C:/Users/Rayan/AppData/Local/
Programs/MiKTeX/fonts/type1/public/amsfonts/cm/cmr9.pfb><C:/Users/Rayan/AppData
/Local/Programs/MiKTeX/fonts/type1/public/amsfonts/cm/cmti10.pfb><C:/Users/Raya
n/AppData/Local/Programs/MiKTeX/fonts/type1/public/amsfonts/cm/cmtt10.pfb>
Output written on report.pdf (43 pages, 4651296 bytes).
PDF statistics:
 211 PDF objects out of 1000 (max. 8388607)
 0 named destinations out of 1000 (max. 500000)
 121 words of extra memory for PDF output out of 10000 (max. 10000000)

